[INFO][2023-08-28 12:07:46,455]:     _   __      __       _                    ______                     
[INFO][2023-08-28 12:07:46,457]:    / | / /___ _/ /______(_)_  ______ ___     / ____/________  __  ______ 
[INFO][2023-08-28 12:07:46,458]:   /  |/ / __ `/ __/ ___/ / / / / __ `__ \   / / __/ ___/ __ \/ / / / __ \ 
[INFO][2023-08-28 12:07:46,459]:  / /|  / /_/ / /_/ /  / / /_/ / / / / / /  / /_/ / /  / /_/ / /_/ / /_/ /
[INFO][2023-08-28 12:07:46,461]: /_/ |_/\__,_/\__/_/  /_/\__,_/_/ /_/ /_/   \____/_/   \____/\__,_/ .___/ 
[INFO][2023-08-28 12:07:46,462]:                                                                 /_/      
[INFO][2023-08-28 12:07:46,463]: 请稍等，框架正在初始化...
[INFO][2023-08-28 12:07:46,485]: 插件管理员(作者：官方)加载成功！版本：v1.0.0
[INFO][2023-08-28 12:07:46,487]: 插件钠支付(作者：钠加速)加载成功！版本：v1.0.0
[INFO][2023-08-28 12:07:46,488]: Natrium 框架启动成功！
[INFO][2023-08-28 12:10:09,687]:     _   __      __       _                    ______                     
[INFO][2023-08-28 12:10:09,688]:    / | / /___ _/ /______(_)_  ______ ___     / ____/________  __  ______ 
[INFO][2023-08-28 12:10:09,689]:   /  |/ / __ `/ __/ ___/ / / / / __ `__ \   / / __/ ___/ __ \/ / / / __ \ 
[INFO][2023-08-28 12:10:09,690]:  / /|  / /_/ / /_/ /  / / /_/ / / / / / /  / /_/ / /  / /_/ / /_/ / /_/ /
[INFO][2023-08-28 12:10:09,691]: /_/ |_/\__,_/\__/_/  /_/\__,_/_/ /_/ /_/   \____/_/   \____/\__,_/ .___/ 
[INFO][2023-08-28 12:10:09,692]:                                                                 /_/      
[INFO][2023-08-28 12:10:09,693]: 请稍等，框架正在初始化...
[INFO][2023-08-28 12:10:09,715]: 插件管理员(作者：官方)加载成功！版本：v1.0.0
[INFO][2023-08-28 12:10:09,716]: 插件钠支付(作者：钠加速)加载成功！版本：v1.0.0
[INFO][2023-08-28 12:10:09,717]: Natrium 框架启动成功！
[INFO][2023-08-28 12:10:40,303]:     _   __      __       _                    ______                     
[INFO][2023-08-28 12:10:40,306]:    / | / /___ _/ /______(_)_  ______ ___     / ____/________  __  ______ 
[INFO][2023-08-28 12:10:40,307]:   /  |/ / __ `/ __/ ___/ / / / / __ `__ \   / / __/ ___/ __ \/ / / / __ \ 
[INFO][2023-08-28 12:10:40,308]:  / /|  / /_/ / /_/ /  / / /_/ / / / / / /  / /_/ / /  / /_/ / /_/ / /_/ /
[INFO][2023-08-28 12:10:40,310]: /_/ |_/\__,_/\__/_/  /_/\__,_/_/ /_/ /_/   \____/_/   \____/\__,_/ .___/ 
[INFO][2023-08-28 12:10:40,311]:                                                                 /_/      
[INFO][2023-08-28 12:10:40,312]: 请稍等，框架正在初始化...
[INFO][2023-08-28 12:10:40,335]: 插件管理员(作者：官方)加载成功！版本：v1.0.0
[INFO][2023-08-28 12:10:40,339]: 插件钠支付(作者：钠加速)加载成功！版本：v1.0.0
[INFO][2023-08-28 12:10:40,340]: Natrium 框架启动成功！
[INFO][2023-08-28 12:10:54,373]:     _   __      __       _                    ______                     
[INFO][2023-08-28 12:10:54,377]:    / | / /___ _/ /______(_)_  ______ ___     / ____/________  __  ______ 
[INFO][2023-08-28 12:10:54,379]:   /  |/ / __ `/ __/ ___/ / / / / __ `__ \   / / __/ ___/ __ \/ / / / __ \ 
[INFO][2023-08-28 12:10:54,380]:  / /|  / /_/ / /_/ /  / / /_/ / / / / / /  / /_/ / /  / /_/ / /_/ / /_/ /
[INFO][2023-08-28 12:10:54,394]: /_/ |_/\__,_/\__/_/  /_/\__,_/_/ /_/ /_/   \____/_/   \____/\__,_/ .___/ 
[INFO][2023-08-28 12:10:54,396]:                                                                 /_/      
[INFO][2023-08-28 12:10:54,397]: 请稍等，框架正在初始化...
[INFO][2023-08-28 12:10:54,541]: 插件管理员(作者：官方)加载成功！版本：v1.0.0
[INFO][2023-08-28 12:10:54,543]: 插件钠支付(作者：钠加速)加载成功！版本：v1.0.0
[CRITICAL][2023-08-28 12:10:54,546]: 插件钠支付缺少前置xyz.veltgop.administor
[INFO][2023-08-28 12:10:54,547]: Natrium 框架启动成功！
[INFO][2023-08-28 12:11:03,574]:     _   __      __       _                    ______                     
[INFO][2023-08-28 12:11:03,576]:    / | / /___ _/ /______(_)_  ______ ___     / ____/________  __  ______ 
[INFO][2023-08-28 12:11:03,577]:   /  |/ / __ `/ __/ ___/ / / / / __ `__ \   / / __/ ___/ __ \/ / / / __ \ 
[INFO][2023-08-28 12:11:03,578]:  / /|  / /_/ / /_/ /  / / /_/ / / / / / /  / /_/ / /  / /_/ / /_/ / /_/ /
[INFO][2023-08-28 12:11:03,581]: /_/ |_/\__,_/\__/_/  /_/\__,_/_/ /_/ /_/   \____/_/   \____/\__,_/ .___/ 
[INFO][2023-08-28 12:11:03,583]:                                                                 /_/      
[INFO][2023-08-28 12:11:03,584]: 请稍等，框架正在初始化...
[INFO][2023-08-28 12:11:03,612]: 插件管理员(作者：官方)加载成功！版本：v1.0.0
[INFO][2023-08-28 12:11:03,614]: 插件钠支付(作者：钠加速)加载成功！版本：v1.0.0
[CRITICAL][2023-08-28 12:11:03,616]: 插件钠支付缺少前置xyz.veltgop.administor
[INFO][2023-08-28 12:11:03,617]: Natrium 框架启动成功！
[INFO][2023-08-28 12:11:25,885]:     _   __      __       _                    ______                     
[INFO][2023-08-28 12:11:25,887]:    / | / /___ _/ /______(_)_  ______ ___     / ____/________  __  ______ 
[INFO][2023-08-28 12:11:25,892]:   /  |/ / __ `/ __/ ___/ / / / / __ `__ \   / / __/ ___/ __ \/ / / / __ \ 
[INFO][2023-08-28 12:11:25,904]:  / /|  / /_/ / /_/ /  / / /_/ / / / / / /  / /_/ / /  / /_/ / /_/ / /_/ /
[INFO][2023-08-28 12:11:25,907]: /_/ |_/\__,_/\__/_/  /_/\__,_/_/ /_/ /_/   \____/_/   \____/\__,_/ .___/ 
[INFO][2023-08-28 12:11:25,909]:                                                                 /_/      
[INFO][2023-08-28 12:11:25,909]: 请稍等，框架正在初始化...
[INFO][2023-08-28 12:11:25,954]: 插件管理员(作者：官方)加载成功！版本：v1.0.0
[INFO][2023-08-28 12:11:25,956]: 插件钠支付(作者：钠加速)加载成功！版本：v1.0.0
[INFO][2023-08-28 12:11:25,958]: Natrium 框架启动成功！
[INFO][2023-08-28 12:20:18,966]:     _   __      __       _                    ______                     
[INFO][2023-08-28 12:20:18,968]:    / | / /___ _/ /______(_)_  ______ ___     / ____/________  __  ______ 
[INFO][2023-08-28 12:20:18,969]:   /  |/ / __ `/ __/ ___/ / / / / __ `__ \   / / __/ ___/ __ \/ / / / __ \ 
[INFO][2023-08-28 12:20:18,970]:  / /|  / /_/ / /_/ /  / / /_/ / / / / / /  / /_/ / /  / /_/ / /_/ / /_/ /
[INFO][2023-08-28 12:20:18,972]: /_/ |_/\__,_/\__/_/  /_/\__,_/_/ /_/ /_/   \____/_/   \____/\__,_/ .___/ 
[INFO][2023-08-28 12:20:18,973]:                                                                 /_/      
[INFO][2023-08-28 12:20:18,974]: 请稍等，框架正在初始化...
[INFO][2023-08-28 12:20:19,009]: 插件管理员(作者：官方)加载成功！版本：v1.0.0
[INFO][2023-08-28 12:20:19,011]: 插件钠支付(作者：钠加速)加载成功！版本：v1.0.0
[INFO][2023-08-28 12:20:19,012]: Natrium 框架启动成功！
[INFO][2023-08-28 13:18:15,761]:     _   __      __       _                    ______                     
[INFO][2023-08-28 13:18:15,762]:    / | / /___ _/ /______(_)_  ______ ___     / ____/________  __  ______ 
[INFO][2023-08-28 13:18:15,763]:   /  |/ / __ `/ __/ ___/ / / / / __ `__ \   / / __/ ___/ __ \/ / / / __ \ 
[INFO][2023-08-28 13:18:15,764]:  / /|  / /_/ / /_/ /  / / /_/ / / / / / /  / /_/ / /  / /_/ / /_/ / /_/ /
[INFO][2023-08-28 13:18:15,767]: /_/ |_/\__,_/\__/_/  /_/\__,_/_/ /_/ /_/   \____/_/   \____/\__,_/ .___/ 
[INFO][2023-08-28 13:18:15,770]:                                                                 /_/      
[INFO][2023-08-28 13:18:15,772]: 请稍等，框架正在初始化...
[INFO][2023-08-28 13:18:41,347]:     _   __      __       _                    ______                     
[INFO][2023-08-28 13:18:41,349]:    / | / /___ _/ /______(_)_  ______ ___     / ____/________  __  ______ 
[INFO][2023-08-28 13:18:41,350]:   /  |/ / __ `/ __/ ___/ / / / / __ `__ \   / / __/ ___/ __ \/ / / / __ \ 
[INFO][2023-08-28 13:18:41,351]:  / /|  / /_/ / /_/ /  / / /_/ / / / / / /  / /_/ / /  / /_/ / /_/ / /_/ /
[INFO][2023-08-28 13:18:41,352]: /_/ |_/\__,_/\__/_/  /_/\__,_/_/ /_/ /_/   \____/_/   \____/\__,_/ .___/ 
[INFO][2023-08-28 13:18:41,355]:                                                                 /_/      
[INFO][2023-08-28 13:18:41,356]: 请稍等，框架正在初始化...
[INFO][2023-08-28 13:18:41,374]: 插件管理员(作者：官方)加载成功！版本：v1.0.0
[INFO][2023-08-28 13:18:41,375]: 插件钠支付(作者：钠加速)加载成功！版本：v1.0.0
[INFO][2023-08-28 13:18:41,377]: Natrium 框架启动成功！
[INFO][2023-08-28 14:18:16,680]:     _   __      __       _                    ______                     
[INFO][2023-08-28 14:18:16,718]:    / | / /___ _/ /______(_)_  ______ ___     / ____/________  __  ______ 
[INFO][2023-08-28 14:18:16,719]:   /  |/ / __ `/ __/ ___/ / / / / __ `__ \   / / __/ ___/ __ \/ / / / __ \ 
[INFO][2023-08-28 14:18:16,721]:  / /|  / /_/ / /_/ /  / / /_/ / / / / / /  / /_/ / /  / /_/ / /_/ / /_/ /
[INFO][2023-08-28 14:18:16,739]: /_/ |_/\__,_/\__/_/  /_/\__,_/_/ /_/ /_/   \____/_/   \____/\__,_/ .___/ 
[INFO][2023-08-28 14:18:16,777]:                                                                 /_/      
[INFO][2023-08-28 14:18:16,802]: 请稍等，框架正在初始化...
[INFO][2023-08-28 14:18:16,851]: 插件管理员(作者：官方)加载成功！版本：v1.0.0
[INFO][2023-08-28 14:18:16,852]: 插件钠支付(作者：钠加速)加载成功！版本：v1.0.0
[INFO][2023-08-28 14:18:16,853]: Natrium 框架启动成功！
